{"/home/runner/work/rule-of-three/rule-of-three/src/test.ts": {"path":"/home/runner/work/rule-of-three/rule-of-three/src/test.ts","statementMap":{"0":{"start":{"line":22,"column":0},"end":{"line":22,"column":95}},"1":{"start":{"line":24,"column":16},"end":{"line":24,"column":58}},"2":{"start":{"line":26,"column":0},"end":{"line":26,"column":28}}},"fnMap":{},"branchMap":{},"s":{"0":1,"1":1,"2":1},"f":{},"b":{}}
,"/home/runner/work/rule-of-three/rule-of-three/src/app/core/components/app/app.component.ts": {"path":"/home/runner/work/rule-of-three/rule-of-three/src/app/core/components/app/app.component.ts","statementMap":{"0":{"start":{"line":13,"column":25},"end":{"line":53,"column":null}},"1":{"start":{"line":19,"column":12},"end":{"line":19,"column":45}},"2":{"start":{"line":20,"column":12},"end":{"line":20,"column":44}},"3":{"start":{"line":21,"column":12},"end":{"line":21,"column":26}},"4":{"start":{"line":14,"column":10},"end":{"line":14,"column":35}},"5":{"start":{"line":15,"column":9},"end":{"line":15,"column":26}},"6":{"start":{"line":16,"column":9},"end":{"line":16,"column":37}},"7":{"start":{"line":25,"column":4},"end":{"line":25,"column":30}},"8":{"start":{"line":29,"column":4},"end":{"line":42,"column":6}},"9":{"start":{"line":31,"column":8},"end":{"line":40,"column":null}},"10":{"start":{"line":32,"column":10},"end":{"line":39,"column":null}},"11":{"start":{"line":34,"column":14},"end":{"line":34,"column":68}},"12":{"start":{"line":35,"column":14},"end":{"line":35,"column":20}},"13":{"start":{"line":37,"column":14},"end":{"line":37,"column":66}},"14":{"start":{"line":38,"column":14},"end":{"line":38,"column":20}},"15":{"start":{"line":46,"column":4},"end":{"line":46,"column":40}},"16":{"start":{"line":47,"column":4},"end":{"line":47,"column":39}},"17":{"start":{"line":51,"column":4},"end":{"line":51,"column":27}},"18":{"start":{"line":13,"column":13},"end":{"line":53,"column":null}}},"fnMap":{"0":{"name":"(anonymous_0)","decl":{"start":{"line":18,"column":2},"end":{"line":18,"column":null}},"loc":{"start":{"line":21,"column":26},"end":{"line":22,"column":6}}},"1":{"name":"(anonymous_1)","decl":{"start":{"line":24,"column":2},"end":{"line":24,"column":10}},"loc":{"start":{"line":24,"column":10},"end":{"line":26,"column":3}}},"2":{"name":"(anonymous_2)","decl":{"start":{"line":28,"column":10},"end":{"line":28,"column":28}},"loc":{"start":{"line":28,"column":28},"end":{"line":43,"column":3}}},"3":{"name":"(anonymous_3)","decl":{"start":{"line":30,"column":35},"end":{"line":30,"column":40}},"loc":{"start":{"line":30,"column":43},"end":{"line":41,"column":7}}},"4":{"name":"(anonymous_4)","decl":{"start":{"line":45,"column":10},"end":{"line":45,"column":21}},"loc":{"start":{"line":45,"column":40},"end":{"line":48,"column":3}}},"5":{"name":"(anonymous_5)","decl":{"start":{"line":50,"column":2},"end":{"line":50,"column":13}},"loc":{"start":{"line":50,"column":13},"end":{"line":52,"column":3}}}},"branchMap":{"0":{"loc":{"start":{"line":31,"column":8},"end":{"line":40,"column":null}},"type":"if","locations":[{"start":{"line":31,"column":8},"end":{"line":40,"column":null}},{"start":{"line":31,"column":8},"end":{"line":40,"column":null}}]},"1":{"loc":{"start":{"line":33,"column":12},"end":{"line":35,"column":20}},"type":"switch","locations":[{"start":{"line":33,"column":12},"end":{"line":35,"column":20}},{"start":{"line":36,"column":12},"end":{"line":38,"column":20}}]}},"s":{"0":1,"1":2,"2":2,"3":2,"4":2,"5":2,"6":2,"7":2,"8":2,"9":0,"10":0,"11":0,"12":0,"13":0,"14":0,"15":0,"16":0,"17":2,"18":1},"f":{"0":2,"1":2,"2":2,"3":0,"4":0,"5":2},"b":{"0":[0,0],"1":[0,0]}}
,"/home/runner/work/rule-of-three/rule-of-three/src/app/core/components/rule-form/rule-form.component.ts": {"path":"/home/runner/work/rule-of-three/rule-of-three/src/app/core/components/rule-form/rule-form.component.ts","statementMap":{"0":{"start":{"line":14,"column":30},"end":{"line":56,"column":null}},"1":{"start":{"line":21,"column":22},"end":{"line":21,"column":37}},"2":{"start":{"line":21,"column":47},"end":{"line":21,"column":80}},"3":{"start":{"line":15,"column":10},"end":{"line":15,"column":35}},"4":{"start":{"line":24,"column":4},"end":{"line":24,"column":19}},"5":{"start":{"line":25,"column":4},"end":{"line":25,"column":20}},"6":{"start":{"line":29,"column":18},"end":{"line":29,"column":29}},"7":{"start":{"line":30,"column":23},"end":{"line":30,"column":71}},"8":{"start":{"line":32,"column":4},"end":{"line":32,"column":91}},"9":{"start":{"line":32,"column":67},"end":{"line":32,"column":87}},"10":{"start":{"line":33,"column":4},"end":{"line":33,"column":91}},"11":{"start":{"line":33,"column":67},"end":{"line":33,"column":87}},"12":{"start":{"line":35,"column":4},"end":{"line":39,"column":7}},"13":{"start":{"line":43,"column":4},"end":{"line":50,"column":6}},"14":{"start":{"line":45,"column":8},"end":{"line":48,"column":19}},"15":{"start":{"line":54,"column":4},"end":{"line":54,"column":27}},"16":{"start":{"line":14,"column":13},"end":{"line":56,"column":null}}},"fnMap":{"0":{"name":"(anonymous_0)","decl":{"start":{"line":21,"column":2},"end":{"line":21,"column":22}},"loc":{"start":{"line":21,"column":80},"end":{"line":21,"column":84}}},"1":{"name":"(anonymous_1)","decl":{"start":{"line":23,"column":2},"end":{"line":23,"column":10}},"loc":{"start":{"line":23,"column":10},"end":{"line":26,"column":3}}},"2":{"name":"(anonymous_2)","decl":{"start":{"line":28,"column":10},"end":{"line":28,"column":17}},"loc":{"start":{"line":28,"column":17},"end":{"line":40,"column":3}}},"3":{"name":"(anonymous_3)","decl":{"start":{"line":32,"column":56},"end":{"line":32,"column":62}},"loc":{"start":{"line":32,"column":67},"end":{"line":32,"column":87}}},"4":{"name":"(anonymous_4)","decl":{"start":{"line":33,"column":56},"end":{"line":33,"column":62}},"loc":{"start":{"line":33,"column":67},"end":{"line":33,"column":87}}},"5":{"name":"(anonymous_5)","decl":{"start":{"line":42,"column":10},"end":{"line":42,"column":18}},"loc":{"start":{"line":42,"column":18},"end":{"line":51,"column":3}}},"6":{"name":"(anonymous_6)","decl":{"start":{"line":44,"column":43},"end":{"line":44,"column":44}},"loc":{"start":{"line":44,"column":70},"end":{"line":49,"column":7}}},"7":{"name":"(anonymous_7)","decl":{"start":{"line":53,"column":2},"end":{"line":53,"column":13}},"loc":{"start":{"line":53,"column":13},"end":{"line":55,"column":3}}}},"branchMap":{"0":{"loc":{"start":{"line":47,"column":14},"end":{"line":47,"column":75}},"type":"cond-expr","locations":[{"start":{"line":47,"column":14},"end":{"line":47,"column":75}},{"start":{"line":48,"column":14},"end":{"line":48,"column":18}}]},"1":{"loc":{"start":{"line":46,"column":10},"end":{"line":46,"column":23}},"type":"binary-expr","locations":[{"start":{"line":46,"column":10},"end":{"line":46,"column":23}},{"start":{"line":46,"column":27},"end":{"line":46,"column":41}},{"start":{"line":46,"column":45},"end":{"line":46,"column":58}},{"start":{"line":46,"column":62},"end":{"line":46,"column":81}}]}},"s":{"0":1,"1":1,"2":1,"3":1,"4":1,"5":1,"6":1,"7":1,"8":1,"9":1,"10":1,"11":1,"12":1,"13":1,"14":0,"15":1,"16":1},"f":{"0":1,"1":1,"2":1,"3":1,"4":1,"5":1,"6":0,"7":1},"b":{"0":[0,0],"1":[0,0,0,0]}}
,"/home/runner/work/rule-of-three/rule-of-three/src/app/core/components/rule-selector/rule-selector.component.ts": {"path":"/home/runner/work/rule-of-three/rule-of-three/src/app/core/components/rule-selector/rule-selector.component.ts","statementMap":{"0":{"start":{"line":12,"column":34},"end":{"line":24,"column":null}},"1":{"start":{"line":15,"column":22},"end":{"line":15,"column":54}},"2":{"start":{"line":13,"column":9},"end":{"line":13,"column":41}},"3":{"start":{"line":18,"column":4},"end":{"line":18,"column":20}},"4":{"start":{"line":22,"column":4},"end":{"line":22,"column":52}},"5":{"start":{"line":12,"column":13},"end":{"line":24,"column":null}}},"fnMap":{"0":{"name":"(anonymous_0)","decl":{"start":{"line":15,"column":2},"end":{"line":15,"column":22}},"loc":{"start":{"line":15,"column":54},"end":{"line":15,"column":58}}},"1":{"name":"(anonymous_1)","decl":{"start":{"line":17,"column":2},"end":{"line":17,"column":10}},"loc":{"start":{"line":17,"column":10},"end":{"line":19,"column":3}}},"2":{"name":"(anonymous_2)","decl":{"start":{"line":21,"column":10},"end":{"line":21,"column":18}},"loc":{"start":{"line":21,"column":18},"end":{"line":23,"column":3}}}},"branchMap":{},"s":{"0":1,"1":1,"2":1,"3":1,"4":1,"5":1},"f":{"0":1,"1":1,"2":1},"b":{}}
,"/home/runner/work/rule-of-three/rule-of-three/src/app/core/services/form-data.service.ts": {"path":"/home/runner/work/rule-of-three/rule-of-three/src/app/core/services/form-data.service.ts","statementMap":{"0":{"start":{"line":10,"column":28},"end":{"line":56,"column":null}},"1":{"start":{"line":11,"column":9},"end":{"line":32,"column":4}},"2":{"start":{"line":34,"column":9},"end":{"line":55,"column":4}},"3":{"start":{"line":10,"column":13},"end":{"line":56,"column":null}}},"fnMap":{},"branchMap":{},"s":{"0":1,"1":3,"2":3,"3":1},"f":{},"b":{}}
,"/home/runner/work/rule-of-three/rule-of-three/src/app/core/services/form-structure.service.ts": {"path":"/home/runner/work/rule-of-three/rule-of-three/src/app/core/services/form-structure.service.ts","statementMap":{"0":{"start":{"line":9,"column":33},"end":{"line":28,"column":null}},"1":{"start":{"line":10,"column":10},"end":{"line":10,"column":59}},"2":{"start":{"line":11,"column":10},"end":{"line":11,"column":64}},"3":{"start":{"line":14,"column":4},"end":{"line":14,"column":30}},"4":{"start":{"line":18,"column":4},"end":{"line":18,"column":30}},"5":{"start":{"line":22,"column":4},"end":{"line":22,"column":39}},"6":{"start":{"line":26,"column":4},"end":{"line":26,"column":39}},"7":{"start":{"line":9,"column":13},"end":{"line":28,"column":null}}},"fnMap":{"0":{"name":"(anonymous_1)","decl":{"start":{"line":13,"column":9},"end":{"line":13,"column":19}},"loc":{"start":{"line":13,"column":39},"end":{"line":15,"column":3}}},"1":{"name":"(anonymous_2)","decl":{"start":{"line":17,"column":9},"end":{"line":17,"column":18}},"loc":{"start":{"line":17,"column":45},"end":{"line":19,"column":3}}},"2":{"name":"(anonymous_3)","decl":{"start":{"line":21,"column":9},"end":{"line":21,"column":18}},"loc":{"start":{"line":21,"column":18},"end":{"line":23,"column":3}}},"3":{"name":"(anonymous_4)","decl":{"start":{"line":25,"column":9},"end":{"line":25,"column":18}},"loc":{"start":{"line":25,"column":18},"end":{"line":27,"column":3}}}},"branchMap":{},"s":{"0":1,"1":4,"2":4,"3":0,"4":0,"5":1,"6":1,"7":1},"f":{"0":0,"1":0,"2":1,"3":1},"b":{}}
,"/home/runner/work/rule-of-three/rule-of-three/src/app/core/services/rule-data.service.ts": {"path":"/home/runner/work/rule-of-three/rule-of-three/src/app/core/services/rule-data.service.ts","statementMap":{"0":{"start":{"line":8,"column":28},"end":{"line":19,"column":null}},"1":{"start":{"line":9,"column":9},"end":{"line":18,"column":4}},"2":{"start":{"line":8,"column":13},"end":{"line":19,"column":null}}},"fnMap":{},"branchMap":{},"s":{"0":1,"1":2,"2":1},"f":{},"b":{}}
,"/home/runner/work/rule-of-three/rule-of-three/src/app/shared/components/form-input/form-input.component.ts": {"path":"/home/runner/work/rule-of-three/rule-of-three/src/app/shared/components/form-input/form-input.component.ts","statementMap":{"0":{"start":{"line":11,"column":31},"end":{"line":47,"column":null}},"1":{"start":{"line":19,"column":41},"end":{"line":19,"column":59}},"2":{"start":{"line":20,"column":4},"end":{"line":20,"column":56}},"3":{"start":{"line":24,"column":4},"end":{"line":24,"column":78}},"4":{"start":{"line":28,"column":4},"end":{"line":28,"column":26}},"5":{"start":{"line":29,"column":4},"end":{"line":29,"column":21}},"6":{"start":{"line":33,"column":4},"end":{"line":33,"column":22}},"7":{"start":{"line":37,"column":4},"end":{"line":37,"column":24}},"8":{"start":{"line":41,"column":4},"end":{"line":41,"column":24}},"9":{"start":{"line":45,"column":4},"end":{"line":45,"column":79}},"10":{"start":{"line":11,"column":13},"end":{"line":47,"column":null}}},"fnMap":{"0":{"name":"(anonymous_0)","decl":{"start":{"line":19,"column":2},"end":{"line":19,"column":15}},"loc":{"start":{"line":19,"column":59},"end":{"line":21,"column":3}}},"1":{"name":"(anonymous_1)","decl":{"start":{"line":23,"column":2},"end":{"line":23,"column":10}},"loc":{"start":{"line":23,"column":10},"end":{"line":25,"column":3}}},"2":{"name":"(anonymous_2)","decl":{"start":{"line":27,"column":9},"end":{"line":27,"column":16}},"loc":{"start":{"line":27,"column":39},"end":{"line":30,"column":3}}},"3":{"name":"(anonymous_3)","decl":{"start":{"line":32,"column":9},"end":{"line":32,"column":19}},"loc":{"start":{"line":32,"column":23},"end":{"line":34,"column":3}}},"4":{"name":"(anonymous_4)","decl":{"start":{"line":36,"column":9},"end":{"line":36,"column":25}},"loc":{"start":{"line":36,"column":33},"end":{"line":38,"column":3}}},"5":{"name":"(anonymous_5)","decl":{"start":{"line":40,"column":9},"end":{"line":40,"column":26}},"loc":{"start":{"line":40,"column":34},"end":{"line":42,"column":3}}},"6":{"name":"(anonymous_6)","decl":{"start":{"line":44,"column":2},"end":{"line":44,"column":13}},"loc":{"start":{"line":44,"column":20},"end":{"line":46,"column":3}}}},"branchMap":{"0":{"loc":{"start":{"line":20,"column":4},"end":{"line":20,"column":16}},"type":"binary-expr","locations":[{"start":{"line":20,"column":4},"end":{"line":20,"column":16}},{"start":{"line":20,"column":21},"end":{"line":20,"column":54}}]},"1":{"loc":{"start":{"line":24,"column":39},"end":{"line":24,"column":59}},"type":"cond-expr","locations":[{"start":{"line":24,"column":39},"end":{"line":24,"column":59}},{"start":{"line":24,"column":62},"end":{"line":24,"column":77}}]},"2":{"loc":{"start":{"line":45,"column":26},"end":{"line":45,"column":70}},"type":"cond-expr","locations":[{"start":{"line":45,"column":26},"end":{"line":45,"column":70}},{"start":{"line":45,"column":73},"end":{"line":45,"column":78}}]},"3":{"loc":{"start":{"line":45,"column":26},"end":{"line":45,"column":46}},"type":"binary-expr","locations":[{"start":{"line":45,"column":26},"end":{"line":45,"column":46}},{"start":{"line":45,"column":50},"end":{"line":45,"column":70}}]}},"s":{"0":1,"1":1,"2":1,"3":1,"4":0,"5":0,"6":0,"7":0,"8":0,"9":2,"10":1},"f":{"0":1,"1":1,"2":0,"3":0,"4":0,"5":0,"6":2},"b":{"0":[1,0],"1":[0,1],"2":[0,2],"3":[0,0]}}
,"/home/runner/work/rule-of-three/rule-of-three/src/app/shared/components/form-title/form-title.component.ts": {"path":"/home/runner/work/rule-of-three/rule-of-three/src/app/shared/components/form-title/form-title.component.ts","statementMap":{"0":{"start":{"line":8,"column":31},"end":{"line":10,"column":null}},"1":{"start":{"line":8,"column":13},"end":{"line":10,"column":null}}},"fnMap":{},"branchMap":{},"s":{"0":1,"1":1},"f":{},"b":{}}
,"/home/runner/work/rule-of-three/rule-of-three/src/app/shared/components/layout/layout.component.ts": {"path":"/home/runner/work/rule-of-three/rule-of-three/src/app/shared/components/layout/layout.component.ts","statementMap":{"0":{"start":{"line":10,"column":28},"end":{"line":30,"column":null}},"1":{"start":{"line":11,"column":11},"end":{"line":11,"column":27}},"2":{"start":{"line":13,"column":9},"end":{"line":16,"column":4}},"3":{"start":{"line":19,"column":4},"end":{"line":19,"column":27}},"4":{"start":{"line":23,"column":4},"end":{"line":28,"column":null}},"5":{"start":{"line":24,"column":6},"end":{"line":27,"column":8}},"6":{"start":{"line":10,"column":13},"end":{"line":30,"column":null}}},"fnMap":{"0":{"name":"(anonymous_1)","decl":{"start":{"line":18,"column":2},"end":{"line":18,"column":10}},"loc":{"start":{"line":18,"column":10},"end":{"line":20,"column":3}}},"1":{"name":"(anonymous_2)","decl":{"start":{"line":22,"column":10},"end":{"line":22,"column":25}},"loc":{"start":{"line":22,"column":25},"end":{"line":29,"column":3}}}},"branchMap":{"0":{"loc":{"start":{"line":23,"column":4},"end":{"line":28,"column":null}},"type":"if","locations":[{"start":{"line":23,"column":4},"end":{"line":28,"column":null}},{"start":{"line":23,"column":4},"end":{"line":28,"column":null}}]},"1":{"loc":{"start":{"line":23,"column":8},"end":{"line":23,"column":44}},"type":"binary-expr","locations":[{"start":{"line":23,"column":8},"end":{"line":23,"column":44}},{"start":{"line":23,"column":48},"end":{"line":23,"column":71}}]}},"s":{"0":1,"1":1,"2":1,"3":1,"4":1,"5":1,"6":1},"f":{"0":1,"1":1},"b":{"0":[1,0],"1":[1,1]}}
,"/home/runner/work/rule-of-three/rule-of-three/src/app/shared/components/result-label/result-label.component.ts": {"path":"/home/runner/work/rule-of-three/rule-of-three/src/app/shared/components/result-label/result-label.component.ts","statementMap":{"0":{"start":{"line":12,"column":33},"end":{"line":26,"column":null}},"1":{"start":{"line":17,"column":4},"end":{"line":17,"column":22}},"2":{"start":{"line":21,"column":15},"end":{"line":21,"column":19}},"3":{"start":{"line":22,"column":17},"end":{"line":22,"column":49}},"4":{"start":{"line":23,"column":18},"end":{"line":23,"column":52}},"5":{"start":{"line":24,"column":4},"end":{"line":24,"column":66}},"6":{"start":{"line":12,"column":13},"end":{"line":26,"column":null}}},"fnMap":{"0":{"name":"(anonymous_0)","decl":{"start":{"line":16,"column":2},"end":{"line":16,"column":10}},"loc":{"start":{"line":16,"column":10},"end":{"line":18,"column":3}}},"1":{"name":"(anonymous_1)","decl":{"start":{"line":20,"column":10},"end":{"line":20,"column":20}},"loc":{"start":{"line":20,"column":20},"end":{"line":25,"column":3}}}},"branchMap":{"0":{"loc":{"start":{"line":22,"column":17},"end":{"line":22,"column":33}},"type":"binary-expr","locations":[{"start":{"line":22,"column":17},"end":{"line":22,"column":33}},{"start":{"line":22,"column":37},"end":{"line":22,"column":49}}]},"1":{"loc":{"start":{"line":23,"column":18},"end":{"line":23,"column":35}},"type":"binary-expr","locations":[{"start":{"line":23,"column":18},"end":{"line":23,"column":35}},{"start":{"line":23,"column":39},"end":{"line":23,"column":52}}]}},"s":{"0":1,"1":1,"2":1,"3":1,"4":1,"5":1,"6":1},"f":{"0":1,"1":1},"b":{"0":[1,0],"1":[1,0]}}
,"/home/runner/work/rule-of-three/rule-of-three/src/app/shared/constants/numbers.const.ts": {"path":"/home/runner/work/rule-of-three/rule-of-three/src/app/shared/constants/numbers.const.ts","statementMap":{"0":{"start":{"line":1,"column":23},"end":{"line":19,"column":2}}},"fnMap":{},"branchMap":{},"s":{"0":1},"f":{},"b":{}}
,"/home/runner/work/rule-of-three/rule-of-three/src/app/shared/enums/inputs.enums.ts": {"path":"/home/runner/work/rule-of-three/rule-of-three/src/app/shared/enums/inputs.enums.ts","statementMap":{"0":{"start":{"line":1,"column":0},"end":{"line":1,"column":null}},"1":{"start":{"line":2,"column":2},"end":{"line":2,"column":null}},"2":{"start":{"line":3,"column":2},"end":{"line":3,"column":null}},"3":{"start":{"line":4,"column":2},"end":{"line":4,"column":null}},"4":{"start":{"line":5,"column":2},"end":{"line":5,"column":null}},"5":{"start":{"line":6,"column":2},"end":{"line":6,"column":null}},"6":{"start":{"line":7,"column":2},"end":{"line":7,"column":null}},"7":{"start":{"line":8,"column":2},"end":{"line":8,"column":null}},"8":{"start":{"line":9,"column":2},"end":{"line":9,"column":null}},"9":{"start":{"line":12,"column":0},"end":{"line":12,"column":null}},"10":{"start":{"line":13,"column":2},"end":{"line":13,"column":null}},"11":{"start":{"line":14,"column":2},"end":{"line":14,"column":null}},"12":{"start":{"line":15,"column":2},"end":{"line":15,"column":null}},"13":{"start":{"line":16,"column":2},"end":{"line":16,"column":null}},"14":{"start":{"line":17,"column":2},"end":{"line":17,"column":null}},"15":{"start":{"line":18,"column":2},"end":{"line":18,"column":null}},"16":{"start":{"line":19,"column":2},"end":{"line":19,"column":null}},"17":{"start":{"line":20,"column":2},"end":{"line":20,"column":null}},"18":{"start":{"line":21,"column":2},"end":{"line":21,"column":null}},"19":{"start":{"line":22,"column":2},"end":{"line":22,"column":null}},"20":{"start":{"line":23,"column":2},"end":{"line":23,"column":null}},"21":{"start":{"line":24,"column":2},"end":{"line":24,"column":null}},"22":{"start":{"line":25,"column":2},"end":{"line":25,"column":null}},"23":{"start":{"line":26,"column":2},"end":{"line":26,"column":null}},"24":{"start":{"line":27,"column":2},"end":{"line":27,"column":null}}},"fnMap":{"0":{"name":"(anonymous_0)","decl":{"start":{"line":1,"column":0},"end":{"line":1,"column":6}},"loc":{"start":{"line":1,"column":20},"end":{"line":10,"column":1}}},"1":{"name":"(anonymous_1)","decl":{"start":{"line":12,"column":0},"end":{"line":12,"column":6}},"loc":{"start":{"line":12,"column":21},"end":{"line":28,"column":1}}}},"branchMap":{"0":{"loc":{"start":{"line":1,"column":12},"end":{"line":1,"column":20}},"type":"binary-expr","locations":[{"start":{"line":1,"column":12},"end":{"line":1,"column":20}},{"start":{"line":1,"column":12},"end":{"line":1,"column":null}}]},"1":{"loc":{"start":{"line":12,"column":12},"end":{"line":12,"column":21}},"type":"binary-expr","locations":[{"start":{"line":12,"column":12},"end":{"line":12,"column":21}},{"start":{"line":12,"column":12},"end":{"line":12,"column":null}}]}},"s":{"0":1,"1":1,"2":1,"3":1,"4":1,"5":1,"6":1,"7":1,"8":1,"9":1,"10":1,"11":1,"12":1,"13":1,"14":1,"15":1,"16":1,"17":1,"18":1,"19":1,"20":1,"21":1,"22":1,"23":1,"24":1},"f":{"0":1,"1":1},"b":{"0":[1,1],"1":[1,1]}}
}
